<?xml version="1.0" encoding="UTF-8"?>
<!-- Generated by org.testng.reporters.JUnitReportReporter -->
<testsuite hostname="Umesh-PC" name="testCases.TC_Save_RFID_Tag" tests="1" failures="0" timestamp="17 Sep 2017 10:15:53 GMT" time="13.344" errors="0">
  <testcase name="tc001_Save_RFID_Tag" time="13.344" classname="testCases.TC_Save_RFID_Tag"/>
</testsuite> <!-- testCases.TC_Save_RFID_Tag -->
