<?xml version="1.0" encoding="UTF-8"?>
<!-- Generated by org.testng.reporters.JUnitReportReporter -->
<testsuite hostname="Umesh-PC" name="com.kentraub.EPCEncoderDecoder.TC001_Save_RFID_Tag" tests="1" failures="0" timestamp="17 Sep 2017 04:32:35 GMT" time="8.657" errors="0">
  <testcase name="tc001_Save_RFID_Tag" time="8.657" classname="com.kentraub.EPCEncoderDecoder.TC001_Save_RFID_Tag"/>
</testsuite> <!-- com.kentraub.EPCEncoderDecoder.TC001_Save_RFID_Tag -->
